INFO-FLOW: Workspace C:/FPGA/Cnn_Hls/solution1 opened at Fri Jan 09 14:45:32 +0530 2026
Execute     config_clock -quiet -name default -period 10 -default=false 
INFO: [SYN 201-201] Setting up clock 'default' with a period of 10ns.
Execute     open_platform DefaultPlatform 
Execute     import_lib E:/Vivado/2018.2/common/technology/xilinx/zynq/zynq 
Execute       source E:/Vivado/2018.2/common/technology/xilinx/common/xilinx.lib 
Execute         source E:/Vivado/2018.2/common/technology/xilinx/interface/xilinx_interface.lib 
Execute           source E:/Vivado/2018.2/common/technology/xilinx/interface/plb46.lib 
Execute           source E:/Vivado/2018.2/common/technology/xilinx/interface/fsl.lib 
Execute           source E:/Vivado/2018.2/common/technology/xilinx/interface/axi4.lib 
Execute           source E:/Vivado/2018.2/common/technology/xilinx/interface/maxi.lib 
Execute           source E:/Vivado/2018.2/common/technology/xilinx/interface/saxilite.lib 
Execute         source E:/Vivado/2018.2/common/technology/xilinx/common/dsp48.lib 
Execute         source E:/Vivado/2018.2/common/technology/xilinx/ip/dds_compiler.lib 
Execute         source E:/Vivado/2018.2/common/technology/xilinx/ip/xfft.lib 
Execute         source E:/Vivado/2018.2/common/technology/xilinx/ip/xfir.lib 
Execute       source E:/Vivado/2018.2/common/technology/xilinx/common/xilinx_old.lib 
Execute       source E:/Vivado/2018.2/common/technology/xilinx/common/xilinx_vivado.lib 
Execute       source E:/Vivado/2018.2/common/technology/xilinx/common/xilinx.hlp 
Execute         source E:/Vivado/2018.2/common/technology/xilinx/common/target_info.tcl 
Execute         source E:/Vivado/2018.2/common/technology/xilinx/interface/xilinx_interface.hlp 
Execute           source E:/Vivado/2018.2/common/technology/xilinx/interface/maxi.hlp 
Execute           source E:/Vivado/2018.2/common/technology/xilinx/interface/saxilite.hlp 
Execute         source E:/Vivado/2018.2/common/technology/xilinx/common/dsp48.hlp 
Execute       source E:/Vivado/2018.2/common/technology/xilinx/zynq/dsp48e1.hlp 
Execute       get_default_platform 
Execute       config_chip_info -quiet -resource  {SLICE 13300}  {LUT 53200}     {FF 106400} {DSP48E 220}   {BRAM 280}  
Execute       config_chip_info -quiet -speed medium 
Execute       source E:/Vivado/2018.2/common/technology/xilinx/common/xilinx.hlp 
Execute         source E:/Vivado/2018.2/common/technology/xilinx/common/target_info.tcl 
Execute         source E:/Vivado/2018.2/common/technology/xilinx/interface/xilinx_interface.hlp 
Execute           source E:/Vivado/2018.2/common/technology/xilinx/interface/maxi.hlp 
Execute           source E:/Vivado/2018.2/common/technology/xilinx/interface/saxilite.hlp 
Execute         source E:/Vivado/2018.2/common/technology/xilinx/common/dsp48.hlp 
Execute     source E:/Vivado/2018.2/common/technology/xilinx/zynq/zynq.gen 
Execute       source E:/Vivado/2018.2/common/technology/xilinx/common/virtex.gen 
Execute         source E:/Vivado/2018.2/common/technology/xilinx/common/xilinx.gen 
Execute           source E:/Vivado/2018.2/common/technology/xilinx/interface/plb46.gen 
Execute           source E:/Vivado/2018.2/common/technology/xilinx/interface/fsl.gen 
Execute           source E:/Vivado/2018.2/common/technology/xilinx/interface/axi4.gen 
Execute           source E:/Vivado/2018.2/common/technology/xilinx/interface/nativeAXI4.gen 
Execute             source E:/Vivado/2018.2/common/technology/xilinx/interface/saxilite.gen 
Execute             source E:/Vivado/2018.2/common/technology/xilinx/interface/maxi.gen 
Execute           source E:/Vivado/2018.2/common/technology/xilinx/scripts/xilinxcoregen.gen 
Execute           source E:/Vivado/2018.2/common/technology/xilinx/interface/XilEDKCoreGen.gen 
Execute           source E:/Vivado/2018.2/common/technology/xilinx/ip/dds_compiler.gen 
Execute           source E:/Vivado/2018.2/common/technology/xilinx/ip/util.gen 
Execute           source E:/Vivado/2018.2/common/technology/xilinx/ip/xfft.gen 
Execute           source E:/Vivado/2018.2/common/technology/xilinx/ip/xfir.gen 
Command         ap_source done; 0.101 sec.
Execute         source E:/Vivado/2018.2/common/technology/xilinx/common/dsp48.gen 
Command       ap_source done; 0.103 sec.
Command     ap_source done; 0.103 sec.
Execute     open_platform DefaultPlatform 
Execute     import_lib E:/Vivado/2018.2/common/technology/xilinx/zynq/zynq_fpv6 
Execute       source E:/Vivado/2018.2/common/technology/xilinx/common/xilinx_fpv7.lib 
Execute         source E:/Vivado/2018.2/common/technology/xilinx/common/xilinx_hp.lib 
Execute       source E:/Vivado/2018.2/common/technology/xilinx/common/xilinx_fpv.hlp 
Execute         source E:/Vivado/2018.2/common/technology/xilinx/common/xilinx.hlp 
Execute           source E:/Vivado/2018.2/common/technology/xilinx/common/target_info.tcl 
Execute           source E:/Vivado/2018.2/common/technology/xilinx/interface/xilinx_interface.hlp 
Execute             source E:/Vivado/2018.2/common/technology/xilinx/interface/maxi.hlp 
Execute             source E:/Vivado/2018.2/common/technology/xilinx/interface/saxilite.hlp 
Execute           source E:/Vivado/2018.2/common/technology/xilinx/common/dsp48.hlp 
Execute       source E:/Vivado/2018.2/common/technology/xilinx/zynq/zynq_hp.hlp 
Execute     source E:/Vivado/2018.2/common/technology/xilinx/zynq/zynq_fpv6.gen 
Execute       source E:/Vivado/2018.2/common/technology/xilinx/common/xilinx_fpv6.gen 
Execute     set_part xc7z020clg484-1 
Execute       add_library xilinx/zynq/zynq:xc7z020:clg484:-1 
Execute         get_default_platform 
Execute         license_isbetapart xc7z020 
Command         license_isbetapart done; error code: 1; 
Execute         get_default_platform 
Execute         config_chip_info -quiet -resource  {SLICE 13300}  {LUT 53200}     {FF 106400} {DSP48E 220}   {BRAM 280}  
Execute         config_chip_info -quiet -speed slow 
Execute       add_library xilinx/zynq/zynq_fpv6 
Execute         get_default_platform 
INFO: [HLS 200-10] Setting target device to 'xc7z020clg484-1'
Execute       get_default_platform 
Execute     get_default_platform 
Execute     config_chip_info -quiet -resource  {SLICE 13300}  {LUT 53200}     {FF 106400} {DSP48E 220}   {BRAM 280}  
Execute     config_chip_info -quiet -speed slow 
Command   open_solution done; 0.214 sec.
Execute   set_part xc7z020clg484-1 -tool vivado 
Execute     add_library xilinx/zynq/zynq:xc7z020:clg484:-1 
Execute       get_default_platform 
Execute       license_isbetapart xc7z020 
Command       license_isbetapart done; error code: 1; 
Execute       get_default_platform 
Execute       config_chip_info -quiet -resource  {SLICE 13300}  {LUT 53200}     {FF 106400} {DSP48E 220}   {BRAM 280}  
Execute       config_chip_info -quiet -speed slow 
Execute     add_library xilinx/zynq/zynq_fpv6 
Execute       get_default_platform 
Execute     get_default_platform 
Execute   create_clock -period 10 -name default 
Execute     config_clock -quiet -name default -period 10 -default=false 
INFO: [SYN 201-201] Setting up clock 'default' with a period of 10ns.
Execute   csynth_design 
Execute     get_config_compile -effort 
Execute     get_config_compile -enable_clang39 
Execute     get_config_compile -g 
Execute     get_config_compile -lm 
Execute     get_config_compile -ng 
Execute     get_config_compile -opt_fp 
Execute     get_config_compile -skip_cdt 
Execute     get_config_compile -skip_syncheck 
Execute     get_config_compile -skip_transform 
Execute     get_config_compile -keep_printf 
Execute     elaborate -effort=medium -skip_syncheck=0 -keep_printf=0 -lm=0 -skip_cdt=0 -skip_transform=0 -ng=0 -g=0 -opt_fp=0 -from_csynth_design=1 
Execute       get_config_schedule -relax_ii_for_timing 
Execute       get_config_schedule -suppress_dependence_error_break 
INFO: [HLS 200-10] Analyzing design file 'cnn_top.cpp' ... 
INFO-FLOW: Compiling one TU...
Execute       is_m_axi_addr64 
INFO-FLOW: Handling cnn_top.cpp as C++
Execute       get_default_platform 
Execute       is_encrypted cnn_top.cpp 
Execute       get_default_platform 
INFO-FLOW: Source preprocessing
Execute       clang  -fno-limit-debug-info -gcc-toolchain "E:/Vivado/2018.2/msys" -hls  -fno-exceptions  -D__llvm__  -E "cnn_top.cpp"     -fno-math-errno -c -emit-llvm -O0  -mllvm -disable-llvm-optzns -fno-threadsafe-statics  -fno-use-cxa-atexit  -fno-threadsafe-statics -fno-use-cxa-atexit -D__CLANG_3_1__ -D__cdecl= -DAESL_SYN -D__SYNTHESIS__ -D__HLS_SYN__ -I "E:/Vivado/2018.2/common/technology/autopilot" -I "E:/Vivado/2018.2/common/technology/autopilot/ap_sysc" -include etc/autopilot_ssdm_op.h -D__DSP48E1__  -o "C:/FPGA/Cnn_Hls/solution1/.autopilot/db/cnn_top.pp.0.cpp" 
INFO-FLOW: exec E:/Vivado/2018.2/win64/tools/clang/bin/clang -fno-limit-debug-info -gcc-toolchain E:/Vivado/2018.2/msys -hls -fno-exceptions -D__llvm__ -E cnn_top.cpp -fno-math-errno -c -emit-llvm -O0 -mllvm -disable-llvm-optzns -fno-threadsafe-statics -fno-use-cxa-atexit -fno-threadsafe-statics -fno-use-cxa-atexit -D__CLANG_3_1__ -D__cdecl= -DAESL_SYN -D__SYNTHESIS__ -D__HLS_SYN__ -I E:/Vivado/2018.2/common/technology/autopilot -I E:/Vivado/2018.2/common/technology/autopilot/ap_sysc -include etc/autopilot_ssdm_op.h -D__DSP48E1__ -o C:/FPGA/Cnn_Hls/solution1/.autopilot/db/cnn_top.pp.0.cpp
Command       clang done; 0.886 sec.
INFO-FLOW: Syntax Checking before pre-processing...
Execute       clang  -fno-limit-debug-info -gcc-toolchain "E:/Vivado/2018.2/msys" -hls    -fno-math-errno -c -emit-llvm -O0  -mllvm -disable-llvm-optzns -fno-threadsafe-statics  -fno-use-cxa-atexit  -fno-threadsafe-statics -fno-use-cxa-atexit -D__CLANG_3_1__ -D__cdecl= -DAESL_SYN -D__SYNTHESIS__ -D__HLS_SYN__ -I "E:/Vivado/2018.2/common/technology/autopilot" -I "E:/Vivado/2018.2/common/technology/autopilot/ap_sysc" -include etc/autopilot_ssdm_op.h -D__DSP48E1__  "C:/FPGA/Cnn_Hls/solution1/.autopilot/db/cnn_top.pp.0.cpp"  -o "C:/FPGA/Cnn_Hls/solution1/.autopilot/db/useless.bc"  
INFO-FLOW: exec E:/Vivado/2018.2/win64/tools/clang/bin/clang -fno-limit-debug-info -gcc-toolchain E:/Vivado/2018.2/msys -hls -fno-math-errno -c -emit-llvm -O0 -mllvm -disable-llvm-optzns -fno-threadsafe-statics -fno-use-cxa-atexit -fno-threadsafe-statics -fno-use-cxa-atexit -D__CLANG_3_1__ -D__cdecl= -DAESL_SYN -D__SYNTHESIS__ -D__HLS_SYN__ -I E:/Vivado/2018.2/common/technology/autopilot -I E:/Vivado/2018.2/common/technology/autopilot/ap_sysc -include etc/autopilot_ssdm_op.h -D__DSP48E1__ C:/FPGA/Cnn_Hls/solution1/.autopilot/db/cnn_top.pp.0.cpp -o C:/FPGA/Cnn_Hls/solution1/.autopilot/db/useless.bc
Command       clang done; 1.106 sec.
INFO-FLOW: GCC PP time: 1 seconds per iteration
Execute       list_core -type functional_unit 
Execute       tidy_31 xilinx-systemc-detector C:/FPGA/Cnn_Hls/solution1/.autopilot/db/cnn_top.pp.0.cpp std=gnu++98 -directive=C:/FPGA/Cnn_Hls/solution1/.autopilot/db/.systemc_flag 
INFO-FLOW: exec E:/Vivado/2018.2/win64/tools/clang-3.9-csynth/bin/tidy-3.1 -header-filter=.* --checks=-*,xilinx-systemc-detector -import-directive=C:/FPGA/Cnn_Hls/solution1/.autopilot/db/.systemc_flag -quiet -fix-errors C:/FPGA/Cnn_Hls/solution1/.autopilot/db/cnn_top.pp.0.cpp -- -std=gnu++98 -fhls -ferror-limit=0
Command       tidy_31 done; 0.343 sec.
INFO-FLOW: CDT Preprocessing with tidy-3.1...
Execute       tidy_31 xilinx-directive2pragma C:/FPGA/Cnn_Hls/solution1/.autopilot/db/cnn_top.pp.0.cpp std=gnu++98 -directive=C:/FPGA/Cnn_Hls/solution1/solution1.json 
INFO-FLOW: exec E:/Vivado/2018.2/win64/tools/clang-3.9-csynth/bin/tidy-3.1 -header-filter=.* --checks=-*,xilinx-directive2pragma -import-directive=C:/FPGA/Cnn_Hls/solution1/solution1.json -quiet -fix-errors C:/FPGA/Cnn_Hls/solution1/.autopilot/db/cnn_top.pp.0.cpp -- -std=gnu++98 -fhls -ferror-limit=0
Command       tidy_31 done; 0.331 sec.
Execute       get_config_dataflow -strict_mode 
Execute       ap_eval exec -ignorestderr E:/Vivado/2018.2/win64/tools/clang-3.9-csynth/bin/xilinx-dataflow-lawyer -export-fixes=C:/FPGA/Cnn_Hls/solution1/.autopilot/db/xilinx-dataflow-lawyer.cnn_top.pp.0.cpp.diag.yml C:/FPGA/Cnn_Hls/solution1/.autopilot/db/cnn_top.pp.0.cpp -- -std=gnu++98 -fhls -ferror-limit=0 -fstrict-dataflow > C:/FPGA/Cnn_Hls/solution1/.autopilot/db/xilinx-dataflow-lawyer.cnn_top.pp.0.cpp.out.log 2> C:/FPGA/Cnn_Hls/solution1/.autopilot/db/xilinx-dataflow-lawyer.cnn_top.pp.0.cpp.err.log 
Command       ap_eval done; 0.328 sec.
Execute       tidy_31 -errorcheck xilinx-constantarray-param,xilinx-resource-pragma-transformer C:/FPGA/Cnn_Hls/solution1/.autopilot/db/cnn_top.pp.0.cpp std=gnu++98 
INFO-FLOW: exec E:/Vivado/2018.2/win64/tools/clang-3.9-csynth/bin/tidy-3.1 -header-filter=.* --checks=-*,xilinx-constantarray-param,xilinx-resource-pragma-transformer -quiet -fix-errors C:/FPGA/Cnn_Hls/solution1/.autopilot/db/cnn_top.pp.0.cpp -- -std=gnu++98 -fhls -ferror-limit=0
INFO-FLOW: exec E:/Vivado/2018.2/win64/tools/clang-3.9-csynth/bin/xilinx-legacy-rewriter C:/FPGA/Cnn_Hls/solution1/.autopilot/db/cnn_top.pp.0.cpp -- -std=gnu++98 -fhls -ferror-limit=0
Command       tidy_31 done; 1.166 sec.
INFO-FLOW: tidy-3.1 time 1 seconds per iteration
INFO-FLOW: Pragma Handling...
Execute       tidy_31 xilinx-ssdm-intrinsics-arguments C:/FPGA/Cnn_Hls/solution1/.autopilot/db/cnn_top.pragma.1.cpp std=gnu++98 
INFO-FLOW: exec E:/Vivado/2018.2/win64/tools/clang-3.9-csynth/bin/tidy-3.1 -header-filter=.* --checks=-*,xilinx-ssdm-intrinsics-arguments -quiet -fix-errors C:/FPGA/Cnn_Hls/solution1/.autopilot/db/cnn_top.pragma.1.cpp -- -std=gnu++98 -fhls -ferror-limit=0
Command       tidy_31 done; 0.854 sec.
INFO-FLOW: Source preprocessing
Execute       clang  -fno-limit-debug-info -gcc-toolchain "E:/Vivado/2018.2/msys" -hls  -fno-exceptions  -D__llvm__  -E "C:/FPGA/Cnn_Hls/solution1/.autopilot/db/cnn_top.pragma.1.cpp"     -fno-math-errno -c -emit-llvm -O0  -mllvm -disable-llvm-optzns -fno-threadsafe-statics  -fno-use-cxa-atexit  -fno-threadsafe-statics -fno-use-cxa-atexit -D__CLANG_3_1__ -D__cdecl= -DAESL_SYN -D__SYNTHESIS__ -D__HLS_SYN__ -I "E:/Vivado/2018.2/common/technology/autopilot" -I "E:/Vivado/2018.2/common/technology/autopilot/ap_sysc" -include etc/autopilot_ssdm_op.h -D__DSP48E1__  -o "C:/FPGA/Cnn_Hls/solution1/.autopilot/db/cnn_top.pragma.2.cpp" 
INFO-FLOW: exec E:/Vivado/2018.2/win64/tools/clang/bin/clang -fno-limit-debug-info -gcc-toolchain E:/Vivado/2018.2/msys -hls -fno-exceptions -D__llvm__ -E C:/FPGA/Cnn_Hls/solution1/.autopilot/db/cnn_top.pragma.1.cpp -fno-math-errno -c -emit-llvm -O0 -mllvm -disable-llvm-optzns -fno-threadsafe-statics -fno-use-cxa-atexit -fno-threadsafe-statics -fno-use-cxa-atexit -D__CLANG_3_1__ -D__cdecl= -DAESL_SYN -D__SYNTHESIS__ -D__HLS_SYN__ -I E:/Vivado/2018.2/common/technology/autopilot -I E:/Vivado/2018.2/common/technology/autopilot/ap_sysc -include etc/autopilot_ssdm_op.h -D__DSP48E1__ -o C:/FPGA/Cnn_Hls/solution1/.autopilot/db/cnn_top.pragma.2.cpp
Command       clang done; 0.852 sec.
Execute       get_default_platform 
INFO-FLOW: Processing labels
Execute       clang -src C:/FPGA/Cnn_Hls/solution1/.autopilot/db/cnn_top.pragma.2.cpp  -fno-limit-debug-info -gcc-toolchain E:/Vivado/2018.2/msys -hls -hls-analyze-label -hls-analyze-pragma -fno-exceptions  -D__llvm__  -w  "C:/FPGA/Cnn_Hls/solution1/.autopilot/db/cnn_top.pragma.2.cpp"    -fno-math-errno -c -emit-llvm -O0  -mllvm -disable-llvm-optzns -fno-threadsafe-statics  -fno-use-cxa-atexit -DAESL_SYN -D__SYNTHESIS__ -D__HLS_SYN__ -I "E:/Vivado/2018.2/common/technology/autopilot" -I "E:/Vivado/2018.2/common/technology/autopilot/ap_sysc" -include etc/autopilot_ssdm_op.h -D__DSP48E1__ -g -o "C:/FPGA/Cnn_Hls/solution1/.autopilot/db/cnn_top.bc" 
INFO-FLOW: exec E:/Vivado/2018.2/win64/tools/clang/bin/clang -fno-limit-debug-info -gcc-toolchain E:/Vivado/2018.2/msys -hls -hls-analyze-label -hls-analyze-pragma -fno-exceptions -D__llvm__ -w C:/FPGA/Cnn_Hls/solution1/.autopilot/db/cnn_top.pragma.2.cpp -fno-math-errno -c -emit-llvm -O0 -mllvm -disable-llvm-optzns -fno-threadsafe-statics -fno-use-cxa-atexit -DAESL_SYN -D__SYNTHESIS__ -D__HLS_SYN__ -I E:/Vivado/2018.2/common/technology/autopilot -I E:/Vivado/2018.2/common/technology/autopilot/ap_sysc -include etc/autopilot_ssdm_op.h -D__DSP48E1__ -g -o C:/FPGA/Cnn_Hls/solution1/.autopilot/db/cnn_top.bc
Command       clang done; 1.141 sec.
INFO-FLOW: Linking Debug ...
Execute       llvm-ld C:/FPGA/Cnn_Hls/solution1/.autopilot/db/cnn_top.g.bc -hls-opt -except-internalize cnn_top -LE:/Vivado/2018.2/win64/lib -lhlsm -lhlsmc++ -o C:/FPGA/Cnn_Hls/solution1/.autopilot/db/a.g 
Command       llvm-ld done; 0.79 sec.
INFO: [HLS 200-111] Finished Linking Time (s): cpu = 00:00:01 ; elapsed = 00:00:09 . Memory (MB): peak = 102.074 ; gain = 46.125
INFO: [HLS 200-111] Finished Checking Pragmas Time (s): cpu = 00:00:01 ; elapsed = 00:00:09 . Memory (MB): peak = 102.074 ; gain = 46.125
Execute       ::config_rtl 
Execute       opt_and_import_c a -opt_level=2 -skip_syncheck=0 -ng=0 -keep_printf=0 
Execute         cleanup_all_models 
INFO: [HLS 200-10] Starting code transformations ...
Execute         transform -promote-dbg-pointer C:/FPGA/Cnn_Hls/solution1/.autopilot/db/a.pp.bc -o C:/FPGA/Cnn_Hls/solution1/.autopilot/db/a.pp.0.bc -f 
Execute         llvm-ld C:/FPGA/Cnn_Hls/solution1/.autopilot/db/a.pp.0.bc -disable-opt -LE:/Vivado/2018.2/win64/lib -lfloatconversion -o C:/FPGA/Cnn_Hls/solution1/.autopilot/db/a.g.0 
Command         llvm-ld done; 0.446 sec.
INFO-FLOW: Running Standard Transforms...
Execute         transform -hls -share-std-xform -demangle-name -inline-byval-memcpy -always-inline -promote-dbg-pointer -interface-preproc -scalarrepl -mem2reg -keep-read-access -instcombine -dce -promote-dbg-pointer -bitop-raise -loop-simplify -indvarspre -indvars -loop-simplify -xunroll -constprop -instcombine -simplifycfg -indvars -simplifycfg -dce -globaldce -basicaa -simplifycfg -mem2reg -globalopt -global-constprop -deadargelim -instcombine -simplifycfg -prune-eh -simplifycfg -scalarrepl -instcombine -reassociate -licm -simplifycfg -loop-simplify -indvars -instcombine -simplifycfg -mem2reg -loop-simplify -indvars -instcombine -gvn -gvn -instcombine -adce -break-crit-edges -simplifycfg -loop-delete -global-array-opt -dce -dse -adce -find-syn-modules -top cnn_top -deadargelim -mem2reg -instcombine -dce -presyn-prepare -auto-rom-infer -interface-preproc -syn-check -check-rec-only -find-region -simplifycfg -func-extr -function-inline -globaldce -mem2reg -instcombine -dce -gvn -globaldce -adce -adse -constprop -instcombine -bit-constprop -instcombine -dce -simplifycfg -bitop-raise -simplifycfg -dce -loop-delete -reassociate -globalopt -global-privatize -mem2reg -dce -global-constprop -pointer-simplify -constprop -dce -func-inst -deadargelim -auto-shift-reg-idiom -promote-dbg-pointer -norm-name C:/FPGA/Cnn_Hls/solution1/.autopilot/db/a.g.0.bc -o C:/FPGA/Cnn_Hls/solution1/.autopilot/db/a.g.1.bc -f -phase std-opt 
INFO: [HLS 200-111] Finished Standard Transforms Time (s): cpu = 00:00:01 ; elapsed = 00:00:09 . Memory (MB): peak = 108.520 ; gain = 52.570
INFO: [HLS 200-10] Checking synthesizability ...
INFO-FLOW: Checking Synthesizability 1/2..
Execute         transform -hls -syn-check -check-rec-only -disaggr -scalarrepl -norm-name -dce -mem2reg -instcombine -function-uniquify -directive-preproc -mem2reg -dse -dce -auto-rom-infer -dce -array-normalize -instcombine -dce -warn-fifo-pointer -array-seg-normalize -instcombine -dce -array-flatten -instcombine -dce -array-burst -dce -deadargelim -promote-global-argument -simplifycfg -mem2reg -globaldce -resolve-double-ptr -dce -deadargelim -dce -instcombine -function-inline -globaldce -dce -doublePtrSimplify -doublePtrElim -dce -doublePtrSimplify -promote-dbg-pointer -dce -scalarrepl -dse -adse -instcombine -ptrLegalization -simplifycfg -dce -instcombine -pointer-simplify -ptrArgReplace -dce -instcombine -disaggr -scalarrepl -norm-name -dce -mem2reg -instcombine -ptrLegalization -simplifycfg -deadargelim -instcombine -dce -inst-simplify -function-uniquify -directive-preproc -mem2reg -dse -dce -globaldce C:/FPGA/Cnn_Hls/solution1/.autopilot/db/a.g.1.bc -o C:/FPGA/Cnn_Hls/solution1/.autopilot/db/a.g.2.prechk.bc -f 
INFO-FLOW: Checking Synthesizability 2/2..
Execute         transform -syn-check C:/FPGA/Cnn_Hls/solution1/.autopilot/db/a.g.2.prechk.bc -o C:/FPGA/Cnn_Hls/solution1/.autopilot/db/a.g.2.bc -f -phase syn-check 
INFO: [HLS 200-111] Finished Checking Synthesizability Time (s): cpu = 00:00:01 ; elapsed = 00:00:10 . Memory (MB): peak = 112.020 ; gain = 56.070
INFO-FLOW: Compiler optimizing ...
INFO-FLOW: Share syncheck's 1.bc for syn flow: copy C:/FPGA/Cnn_Hls/solution1/.autopilot/db/a.g.1.bc to C:/FPGA/Cnn_Hls/solution1/.autopilot/db/a.o.1.bc
INFO-FLOW: Presyn 1...
Execute         transform -hls -tmp C:/FPGA/Cnn_Hls/solution1/.autopilot/db -interface-port-rename -type-info -function-uniquify -directive-preproc -mem2reg -dse -dce -disaggr -scalarrepl -norm-name -deadargelim -mem2reg -instcombine -dce -simplifycfg -auto-rom-infer -dce -function-uniquify -resource-proc -simplifycfg -mem2reg -globaldce -resolve-double-ptr -dce -deadargelim -dce -instcombine -clib-intrinsic-prepare -dce -func-buffer -dce -array-normalize -func-legal -instcombine -gvn -constprop -dce -ptrArgReplace -mem2reg -instcombine -dce -array-seg-normalize -deadargelim -instcombine -dce -pointer-simplify -dce -port-alignment -dce -interface-preproc -data-pack -instcombine -dce -basicaa -aggr-aa -aggrmodref-aa -aggr-aa -gvn -gvn -basicaa -aggr-aa -aggrmodref-aa -aggr-aa -dse -adse -adce -loop-simplify -indvars -instcombine -gvn -loop-simplify -mem2reg -dce -find-region -instcombine -auto-loop-pipeline -inst-simplify -interface-preproc -cfgopt -instcombine -indvars -auto-loop-unroll -loop-simplify -loop-bound -xunroll -constprop -instcombine -simplifycfg -indvars -simplifycfg -dce -globaldce -clean-region -attach-range -gvn -inst-simplify -constprop -simplifycfg -dce -pointer-simplify -dce -globalopt -constprop -dce -array-promote -constprop -instcombine -dce -ptrArgReplace -mem2reg -instcombine -simplifycfg -dce -auto-par -instcombine -dce -array-transform-check -array-reshape -instcombine -simplifycfg -dce -ptrArgReplace -deadargelim -mem2reg -instcombine -simplifycfg -dce -indvars -loop-simplify -loop-bound -xunroll -constprop -instcombine -simplifycfg -indvars -simplifycfg -dce -globaldce -duplicate-dataflow-processes -globaldce -instcombine -array-partition -instcombine -simplifycfg -dce -ptrArgReplace -global-constprop -deadargelim -mem2reg -func-legal -instcombine -dce -global-constprop -deadargelim -mem2reg -instcombine -simplifycfg -dce -merge-param -deadargelim -globalopt -constprop -dce -array-promote -constprop -instcombine -dce -ptrArgReplace -mem2reg -instcombine -simplifycfg -dce -mem-intrinsic-preproc -dce -global-internalize -global-privatize -mem2reg -globaldce -promote-global-argument -ptrArgReplace -mem2reg -instcombine -dce -globalopt -mergereturn -simplify-global-access -mem2reg -dce -pointer-simplify -dce -functionattrs -basicaa -aggr-aa -aggrmodref-aa -aggr-aa -gvn -gvn -basicaa -aggr-aa -aggrmodref-aa -aggr-aa -dse -adse -adce -inst-simplify -dce -norm-name -function-inline -globaldce -func-inst -constprop -instcombine -simplifycfg -dce -func-legal -dce -loop-bound -arraycheck -bitwidthmin -on-by-dataflow -loop-delete -instcombine -simplifycfg -globaldce -dce -gvn -deadargelim -dce -loop-simplify -clean-region -simplifycfg -propagate-stable-arguments -loop-stream -instcombine -simplifycfg -dce -globaldce -duplicate-dataflow-processes -stream-intrinsic-preproc -dce -check-ap-stream -loop-simplify -eliminate-keepreads -extract-dataflow-in-loop -loop-simplify -dce -gvn -deadargelim -dse -check-dataflow-syntax -legalize-stream-variable -legalize-global -extract-subproc -dce -dead-channel-elimination -canonicalize-gep -globaldce -dce -gvn -deadargelim -annotate-dataflow-channels -scalar-propagation -deadargelim -globaldce -mem2reg -check-dataflow-channels -function-stream -dce -globaldce -prop-fifo-spec -internal-stream-gen -canonicalize-gep -globaldce -dce -gvn -deadargelim -mergereturn -indvars -loop-simplify -instcombine -array-stream -array-seg-normalize -array-partition -func-legal -instcombine -simplifycfg -dce -bundle-memfifo-ops -deadargelim -function-uniquify -directive-preproc -mem2reg -dse -dce -group-axi-access -licm -simplifycfg -dce -loop-delete -norm-name C:/FPGA/Cnn_Hls/solution1/.autopilot/db/a.o.1.bc -o C:/FPGA/Cnn_Hls/solution1/.autopilot/db/a.o.1.tmp.bc -f 
INFO: [XFORM 203-502] Unrolling all sub-loops inside loop 'Loop-1.1' (cnn_top.cpp:18) in function 'cnn_top' for pipelining.
INFO: [XFORM 203-501] Unrolling loop 'Loop-1.1.1' (cnn_top.cpp:22) in function 'cnn_top' completely.
INFO: [XFORM 203-501] Unrolling loop 'Loop-1.1.1.1' (cnn_top.cpp:23) in function 'cnn_top' completely.
INFO-FLOW: Presyn 2...
Execute         transform -hls -keep-callgraph -scalarrepl -mem2reg -port-alignment -attach-range -dce -pipe-mux-gen -indvars -loop-bound -inst-simplify -instcombine -dce -merge-array-access -mem2reg -dce -clean-region -mergereturn -if-conv -instcombine -dce -constprop -basicaa -aggr-aa -aggrmodref-aa -aggr-aa -gvn -gvn -basicaa -aggr-aa -aggrmodref-aa -aggr-aa -dse -adse -adce -scalarrepl -mem2reg -global-constprop -deadargelim -deadargelim -instcombine -dce -simplifycfg -ptrArgReplace -mem2reg -function-inline -globaldce -mem2reg -instcombine -dce -expr-balance -instcombine -dce -bitwidthmin -interface-preproc -directive-preproc -inst-rectify -instcombine -dce -functionattrs -constprop -instcombine -bit-constprop -simplify-global-access -globalopt -globaldce -inst-simplify -instcombine -elimdeaddata -dce -loop-delete -simplifycfg -loop-simplify -auto-burst -norm-name C:/FPGA/Cnn_Hls/solution1/.autopilot/db/a.o.1.tmp.bc -o C:/FPGA/Cnn_Hls/solution1/.autopilot/db/a.o.2.bc -f -phase presyn 
INFO: [XFORM 203-11] Balancing expressions in function 'cnn_top' (cnn_top.cpp:8)...15 expression(s) balanced.
INFO: [HLS 200-111] Finished Pre-synthesis Time (s): cpu = 00:00:01 ; elapsed = 00:00:10 . Memory (MB): peak = 138.285 ; gain = 82.336
INFO-FLOW: Building ssdm...
Execute         transform -hls -function-uniquify -auto-function-inline -globaldce -ptrArgReplace -mem2reg -instcombine -dce -reset-lda -loop-simplify -indvars -licm -loop-dep -loop-bound -licm -loop-simplify -flattenloopnest -array-flatten -gvn -instcombine -dce -array-map -dce -func-legal -gvn -adce -instcombine -cfgopt -simplifycfg -loop-simplify -array-burst -promote-global-argument -dce -axi4-lower -array-seg-normalize -basicaa -aggrmodref-aa -globalsmodref-aa -aggr-aa -gvn -gvn -basicaa -aggrmodref-aa -globalsmodref-aa -aggr-aa -dse -adse -adce -licm -inst-simplify -dce -globaldce -instcombine -array-stream -eliminate-keepreads -instcombine -dce -deadargelim -doublePtrSimplify -doublePtrElim -dce -doublePtrSimplify -promote-dbg-pointer -dce -scalarrepl -mem2reg -disaggr -norm-name -mem2reg -instcombine -dse -adse -adce -ptrLegalization -dce -auto-rom-infer -array-flatten -dce -instcombine -check-doubleptr -loop-rot -constprop -cfgopt -simplifycfg -loop-simplify -indvars -pointer-simplify -dce -loop-bound -loop-simplify -loop-preproc -constprop -global-constprop -gvn -mem2reg -instcombine -dce -loop-bound -loop-merge -dce -bitwidthmin -deadargelim -dce -canonicalize-dataflow -dce -scalar-propagation -deadargelim -globaldce -mem2reg -read-loop-dep -interface-preproc -directive-preproc -interface-gen -bram-byte-enable -deadargelim -inst-simplify -dce -gvn -mem2reg -instcombine -dce -adse -loop-bound -instcombine -cfgopt -simplifycfg -loop-simplify -clean-region -io-protocol -find-region -mem2reg -bitop-raise -inst-simplify -inst-rectify -instcombine -adce -deadargelim -loop-simplify -phi-opt -bitop-raise -cfgopt -simplifycfg -strip-dead-prototypes -interface-lower -bitop-lower -intrinsic-lower -auto-function-inline -basicaa -aggrmodref-aa -globalsmodref-aa -aggr-aa -inst-simplify -simplifycfg -loop-simplify -mergereturn -inst-simplify -inst-rectify -dce -load-elim -bitop-lower -loop-rewind -pointer-simplify -dce -cfgopt -dce -bitwidth -loop-dep -read-loop-dep -dce -check-stream -norm-name -legalize -validate-dataflow -dead-allocation-elimination -cdfg-build C:/FPGA/Cnn_Hls/solution1/.autopilot/db/a.o.2.bc -o C:/FPGA/Cnn_Hls/solution1/.autopilot/db/a.o.3.bc -f -phase build-ssdm 
INFO: [XFORM 203-541] Flattening a loop nest 'Loop-1' (cnn_top.cpp:17:15) in function 'cnn_top'.
Command         transform done; 0.187 sec.
INFO: [HLS 200-111] Finished Architecture Synthesis Time (s): cpu = 00:00:01 ; elapsed = 00:00:10 . Memory (MB): peak = 138.496 ; gain = 82.547
INFO-FLOW: Finish building internal data model.
Command       opt_and_import_c done; 0.923 sec.
Command     elaborate done; 9.223 sec.
Execute     autosyn -from_csynth_design=1 
INFO: [HLS 200-10] Starting hardware synthesis ...
INFO-FLOW: Synthesizing C/C++ design ...
INFO: [HLS 200-10] Synthesizing 'cnn_top' ...
Execute       ap_set_top_model cnn_top 
Execute       get_model_list cnn_top -filter all-wo-channel -topdown 
Execute       preproc_iomode -model cnn_top 
Execute       get_model_list cnn_top -filter all-wo-channel 
INFO-FLOW: Model list for configure: cnn_top
INFO-FLOW: Configuring Module : cnn_top ...
Execute       set_default_model cnn_top 
Execute       apply_spec_resource_limit cnn_top 
INFO-FLOW: Model list for preprocess: cnn_top
INFO-FLOW: Preprocessing Module: cnn_top ...
Execute       set_default_model cnn_top 
Execute       cdfg_preprocess -model cnn_top 
Execute       rtl_gen_preprocess cnn_top 
INFO-FLOW: Model list for synthesis: cnn_top
INFO: [HLS 200-10] ----------------------------------------------------------------
INFO: [HLS 200-42] -- Implementing module 'cnn_top' 
INFO: [HLS 200-10] ----------------------------------------------------------------
Execute       set_default_model cnn_top 
Execute       schedule -model cnn_top 
INFO: [SCHED 204-11] Starting scheduling ...
INFO: [SCHED 204-61] Pipelining loop 'Loop 1'.
WARNING: [SCHED 204-68] Unable to enforce a carried dependence constraint (II = 1, distance = 1, offset = 1)
   between bus request on port 'gmem' (cnn_top.cpp:24) and bus request on port 'gmem' (cnn_top.cpp:24).
WARNING: [SCHED 204-68] Unable to enforce a carried dependence constraint (II = 2, distance = 1, offset = 1)
   between bus request on port 'gmem' (cnn_top.cpp:24) and bus request on port 'gmem' (cnn_top.cpp:24).
WARNING: [SCHED 204-68] Unable to enforce a carried dependence constraint (II = 3, distance = 1, offset = 1)
   between bus request on port 'gmem' (cnn_top.cpp:24) and bus request on port 'gmem' (cnn_top.cpp:24).
WARNING: [SCHED 204-68] Unable to enforce a carried dependence constraint (II = 4, distance = 1, offset = 1)
   between bus request on port 'gmem' (cnn_top.cpp:24) and bus request on port 'gmem' (cnn_top.cpp:24).
WARNING: [SCHED 204-68] Unable to enforce a carried dependence constraint (II = 11, distance = 1, offset = 1)
   between bus request on port 'gmem' (cnn_top.cpp:24) and bus request on port 'gmem' (cnn_top.cpp:24).
WARNING: [SCHED 204-68] Unable to enforce a carried dependence constraint (II = 15, distance = 1, offset = 1)
   between bus request on port 'gmem' (cnn_top.cpp:24) and bus request on port 'gmem' (cnn_top.cpp:24).
WARNING: [SCHED 204-68] Unable to enforce a carried dependence constraint (II = 17, distance = 1, offset = 1)
   between bus request on port 'gmem' (cnn_top.cpp:24) and bus request on port 'gmem' (cnn_top.cpp:24).
INFO: [SCHED 204-61] Pipelining result : Target II = 1, Final II = 18, Depth = 37.
WARNING: [SCHED 204-21] Estimated clock period (10.283ns) exceeds the target (target clock period: 10ns, clock uncertainty: 1.25ns, effective delay budget: 8.75ns).
WARNING: [SCHED 204-21] The critical path consists of the following:
	'mul' operation ('p_1_1', cnn_top.cpp:24) (3.36 ns)
	'add' operation ('tmp11', cnn_top.cpp:24) (3.02 ns)
	'add' operation ('tmp10', cnn_top.cpp:24) (0 ns)
	'add' operation ('sum_V_2_2', cnn_top.cpp:24) (3.9 ns)
INFO: [SCHED 204-11] Finished scheduling.
Command       schedule done; 0.236 sec.
INFO: [HLS 200-111]  Elapsed time: 10.15 seconds; current allocated memory: 90.203 MB.
Execute       report -o C:/FPGA/Cnn_Hls/solution1/.autopilot/db/cnn_top.verbose.sched.rpt -verbose -f 
Execute       db_write -o C:/FPGA/Cnn_Hls/solution1/.autopilot/db/cnn_top.sched.adb -f 
INFO-FLOW: Finish scheduling cnn_top.
Execute       set_default_model cnn_top 
Execute       bind -model cnn_top 
BIND OPTION: fu_weight=[ 0.0 -- 1.0 ]
BIND OPTION: model=cnn_top
BIND OPTION: reg_weight=[ 0.0 -- 1.0 ]
INFO: [BIND 205-100] Starting micro-architecture generation ...
INFO: [BIND 205-101] Performing variable lifetime analysis.
INFO: [BIND 205-101] Exploring resource sharing.
INFO: [BIND 205-101] Binding ...
INFO: [BIND 205-100] Finished micro-architecture generation.
INFO: [HLS 200-111]  Elapsed time: 0.15 seconds; current allocated memory: 91.081 MB.
Execute       report -o C:/FPGA/Cnn_Hls/solution1/.autopilot/db/cnn_top.verbose.bind.rpt -verbose -f 
Execute       db_write -o C:/FPGA/Cnn_Hls/solution1/.autopilot/db/cnn_top.bind.adb -f 
INFO-FLOW: Finish binding cnn_top.
Execute       get_model_list cnn_top -filter all-wo-channel 
INFO-FLOW: Preprocessing for RTLGen ...
Execute       rtl_gen_preprocess cnn_top 
INFO-FLOW: Model list for RTL generation: cnn_top
INFO: [HLS 200-10] ----------------------------------------------------------------
INFO: [HLS 200-10] -- Generating RTL for module 'cnn_top' 
INFO: [HLS 200-10] ----------------------------------------------------------------
Execute       get_config_rtl -prefix 
Execute       get_config_rtl -auto_prefix 
Execute       create_rtl_model cnn_top -vendor xilinx -mg_file C:/FPGA/Cnn_Hls/solution1/.autopilot/db/cnn_top.compgen.tcl 
INFO: [RTGEN 206-500] Setting interface mode on port 'cnn_top/gmem' to 'm_axi'.
INFO: [RTGEN 206-500] Setting interface mode on port 'cnn_top/input_V' to 's_axilite & ap_none'.
INFO: [RTGEN 206-500] Setting interface mode on port 'cnn_top/output_V' to 's_axilite & ap_none'.
INFO: [RTGEN 206-500] Setting interface mode on port 'cnn_top/kernel_V' to 's_axilite & ap_none'.
INFO: [RTGEN 206-500] Setting interface mode on function 'cnn_top' to 's_axilite & ap_ctrl_hs'.
INFO: [RTGEN 206-100] Bundling port 'return', 'input_V', 'output_V' and 'kernel_V' to AXI-Lite port control.
INFO: [SYN 201-210] Renamed object name 'cnn_top_mul_mul_16s_16s_16_1_1' to 'cnn_top_mul_mul_1bkb' due to the length limit 20
INFO: [SYN 201-210] Renamed object name 'cnn_top_mac_muladd_16s_16s_16s_16_1_1' to 'cnn_top_mac_muladcud' due to the length limit 20
INFO: [RTGEN 206-100] Generating core module 'cnn_top_mac_muladcud': 5 instance(s).
INFO: [RTGEN 206-100] Generating core module 'cnn_top_mul_mul_1bkb': 4 instance(s).
INFO: [RTGEN 206-100] Finished creating RTL model for 'cnn_top'.
Command       create_rtl_model done; 0.178 sec.
INFO: [HLS 200-111]  Elapsed time: 0.308 seconds; current allocated memory: 93.281 MB.
Execute       source C:/FPGA/Cnn_Hls/solution1/.autopilot/db/cnn_top.rtl_wrap.cfg.tcl 
Execute       gen_rtl cnn_top -istop -style xilinx -tracefl mytrace -tracefmt vcd -traceopt all -f -lang sc -o C:/FPGA/Cnn_Hls/solution1/syn/systemc/cnn_top -synmodules cnn_top 
Execute       gen_rtl cnn_top -istop -style xilinx -f -lang vhdl -o C:/FPGA/Cnn_Hls/solution1/syn/vhdl/cnn_top 
Execute       gen_rtl cnn_top -istop -style xilinx -f -lang vlog -o C:/FPGA/Cnn_Hls/solution1/syn/verilog/cnn_top 
Execute       export_constraint_db -o C:/FPGA/Cnn_Hls/solution1/.autopilot/db/cnn_top.constraint.tcl -f -tool general 
Execute       report -model cnn_top -o C:/FPGA/Cnn_Hls/solution1/.autopilot/db/cnn_top.design.xml -verbose -f -dv 
Execute       report -model cnn_top -o C:/FPGA/Cnn_Hls/solution1/.autopilot/db/cnn_top.sdaccel.xml -verbose -f -sdaccel 
Execute       gen_tb_info cnn_top -o C:/FPGA/Cnn_Hls/solution1/.autopilot/db/cnn_top -p C:/FPGA/Cnn_Hls/solution1/.autopilot/db 
Execute       report -model cnn_top -o C:/FPGA/Cnn_Hls/solution1/syn/report/cnn_top_csynth.rpt -f 
Execute       report -model cnn_top -o C:/FPGA/Cnn_Hls/solution1/syn/report/cnn_top_csynth.xml -f -x 
Execute       report -model cnn_top -o C:/FPGA/Cnn_Hls/solution1/.autopilot/db/cnn_top.verbose.rpt -verbose -f 
Execute       db_write -model cnn_top -o C:/FPGA/Cnn_Hls/solution1/.autopilot/db/cnn_top.adb -f 
Execute       sc_get_clocks cnn_top 
Execute       sc_get_portdomain cnn_top 
INFO-FLOW: Model list for RTL component generation: cnn_top
INFO-FLOW: Handling components in module [cnn_top] ... 
Execute       source C:/FPGA/Cnn_Hls/solution1/.autopilot/db/cnn_top.compgen.tcl 
INFO-FLOW: Found component cnn_top_mul_mul_1bkb.
INFO-FLOW: Append model cnn_top_mul_mul_1bkb
INFO-FLOW: Found component cnn_top_mac_muladcud.
INFO-FLOW: Append model cnn_top_mac_muladcud
INFO-FLOW: Found component cnn_top_control_s_axi.
INFO-FLOW: Append model cnn_top_control_s_axi
INFO-FLOW: Found component cnn_top_gmem_m_axi.
INFO-FLOW: Append model cnn_top_gmem_m_axi
INFO-FLOW: Append model cnn_top
INFO-FLOW: Generating RTL model list ...
INFO-FLOW: All models in this session: cnn_top_mul_mul_1bkb cnn_top_mac_muladcud cnn_top_control_s_axi cnn_top_gmem_m_axi cnn_top
INFO-FLOW: To file: write model cnn_top_mul_mul_1bkb
INFO-FLOW: To file: write model cnn_top_mac_muladcud
INFO-FLOW: To file: write model cnn_top_control_s_axi
INFO-FLOW: To file: write model cnn_top_gmem_m_axi
INFO-FLOW: To file: write model cnn_top
INFO-FLOW: Finished generating RTL model list.


INFO-FLOW: RTL Generation done.
INFO-FLOW: CAS Generation done.
INFO-FLOW: CBC Generation done.
Execute       get_config_sdx -target 
Execute       source C:/FPGA/Cnn_Hls/solution1/.autopilot/db/global.setting.tcl 
Execute       source E:/Vivado/2018.2/common/technology/generic/autopilot/common.gen 
Execute         source E:/Vivado/2018.2/common/technology/generic/autopilot/APCoreGen.gen 
Execute       source E:/Vivado/2018.2/common/technology/generic/autopilot/op.gen 
Execute       source E:/Vivado/2018.2/common/technology/generic/autopilot/op_simcore.gen 
Execute       source E:/Vivado/2018.2/common/technology/generic/autopilot/interface.gen 
Execute       source C:/FPGA/Cnn_Hls/solution1/.autopilot/db/global.setting.tcl 
Execute       source E:/Vivado/2018.2/common/technology/xilinx/zynq/zynq.gen 
Execute         source E:/Vivado/2018.2/common/technology/xilinx/common/virtex.gen 
Execute           source E:/Vivado/2018.2/common/technology/xilinx/common/xilinx.gen 
Execute             source E:/Vivado/2018.2/common/technology/xilinx/interface/plb46.gen 
Execute             source E:/Vivado/2018.2/common/technology/xilinx/interface/fsl.gen 
Execute             source E:/Vivado/2018.2/common/technology/xilinx/interface/axi4.gen 
Execute             source E:/Vivado/2018.2/common/technology/xilinx/interface/nativeAXI4.gen 
Execute               source E:/Vivado/2018.2/common/technology/xilinx/interface/saxilite.gen 
Execute               source E:/Vivado/2018.2/common/technology/xilinx/interface/maxi.gen 
Execute             source E:/Vivado/2018.2/common/technology/xilinx/scripts/xilinxcoregen.gen 
Execute             source E:/Vivado/2018.2/common/technology/xilinx/interface/XilEDKCoreGen.gen 
Execute             source E:/Vivado/2018.2/common/technology/xilinx/ip/dds_compiler.gen 
Execute             source E:/Vivado/2018.2/common/technology/xilinx/ip/util.gen 
Execute             source E:/Vivado/2018.2/common/technology/xilinx/ip/xfft.gen 
Execute             source E:/Vivado/2018.2/common/technology/xilinx/ip/xfir.gen 
Execute           source E:/Vivado/2018.2/common/technology/xilinx/common/dsp48.gen 
Execute       source E:/Vivado/2018.2/common/technology/xilinx/zynq/zynq_fpv6.gen 
Execute         source E:/Vivado/2018.2/common/technology/xilinx/common/xilinx_fpv6.gen 
Execute       source C:/FPGA/Cnn_Hls/solution1/.autopilot/db/global.setting.tcl 
Execute       source C:/FPGA/Cnn_Hls/solution1/.autopilot/db/global.setting.tcl 
Execute       source C:/FPGA/Cnn_Hls/solution1/.autopilot/db/global.setting.tcl 
Execute       source C:/FPGA/Cnn_Hls/solution1/.autopilot/db/cnn_top.compgen.tcl 
Execute         source ./control.slave.tcl 
Execute         is_m_axi_addr64 
Command       ap_source done; 0.108 sec.
Execute       get_config_sdx -target 
Execute       source C:/FPGA/Cnn_Hls/solution1/.autopilot/db/global.setting.tcl 
Execute       source E:/Vivado/2018.2/common/technology/generic/autopilot/common.gen 
Execute         source E:/Vivado/2018.2/common/technology/generic/autopilot/APCoreGen.gen 
Execute       source E:/Vivado/2018.2/common/technology/generic/autopilot/op.gen 
Execute       source E:/Vivado/2018.2/common/technology/generic/autopilot/op_simcore.gen 
Execute       source E:/Vivado/2018.2/common/technology/generic/autopilot/interface.gen 
Execute       source C:/FPGA/Cnn_Hls/solution1/.autopilot/db/global.setting.tcl 
Execute       source E:/Vivado/2018.2/common/technology/xilinx/zynq/zynq.gen 
Execute         source E:/Vivado/2018.2/common/technology/xilinx/common/virtex.gen 
Execute           source E:/Vivado/2018.2/common/technology/xilinx/common/xilinx.gen 
Execute             source E:/Vivado/2018.2/common/technology/xilinx/interface/plb46.gen 
Execute             source E:/Vivado/2018.2/common/technology/xilinx/interface/fsl.gen 
Execute             source E:/Vivado/2018.2/common/technology/xilinx/interface/axi4.gen 
Execute             source E:/Vivado/2018.2/common/technology/xilinx/interface/nativeAXI4.gen 
Execute               source E:/Vivado/2018.2/common/technology/xilinx/interface/saxilite.gen 
Execute               source E:/Vivado/2018.2/common/technology/xilinx/interface/maxi.gen 
Execute             source E:/Vivado/2018.2/common/technology/xilinx/scripts/xilinxcoregen.gen 
Execute             source E:/Vivado/2018.2/common/technology/xilinx/interface/XilEDKCoreGen.gen 
Execute             source E:/Vivado/2018.2/common/technology/xilinx/ip/dds_compiler.gen 
Execute             source E:/Vivado/2018.2/common/technology/xilinx/ip/util.gen 
Execute             source E:/Vivado/2018.2/common/technology/xilinx/ip/xfft.gen 
Execute             source E:/Vivado/2018.2/common/technology/xilinx/ip/xfir.gen 
Execute           source E:/Vivado/2018.2/common/technology/xilinx/common/dsp48.gen 
Execute       source E:/Vivado/2018.2/common/technology/xilinx/zynq/zynq_fpv6.gen 
Execute         source E:/Vivado/2018.2/common/technology/xilinx/common/xilinx_fpv6.gen 
Execute       source C:/FPGA/Cnn_Hls/solution1/.autopilot/db/cnn_top.rtl_wrap.cfg.tcl 
Execute       source C:/FPGA/Cnn_Hls/solution1/.autopilot/db/cnn_top.rtl_wrap.cfg.tcl 
Execute       source C:/FPGA/Cnn_Hls/solution1/.autopilot/db/cnn_top.rtl_wrap.cfg.tcl 
Execute       source C:/FPGA/Cnn_Hls/solution1/.autopilot/db/cnn_top.tbgen.tcl 
Execute       source C:/FPGA/Cnn_Hls/solution1/.autopilot/db/cnn_top.tbgen.tcl 
Execute       source C:/FPGA/Cnn_Hls/solution1/.autopilot/db/global.setting.tcl 
Execute       source C:/FPGA/Cnn_Hls/solution1/.autopilot/db/cnn_top.compgen.tcl 
Execute       source C:/FPGA/Cnn_Hls/solution1/.autopilot/db/global.setting.tcl 
Execute       source C:/FPGA/Cnn_Hls/solution1/.autopilot/db/cnn_top.compgen.tcl 
Execute       source C:/FPGA/Cnn_Hls/solution1/.autopilot/db/global.setting.tcl 
Execute       source C:/FPGA/Cnn_Hls/solution1/.autopilot/db/cnn_top.compgen.tcl 
Execute       source C:/FPGA/Cnn_Hls/solution1/.autopilot/db/global.setting.tcl 
Execute       source C:/FPGA/Cnn_Hls/solution1/.autopilot/db/cnn_top.constraint.tcl 
Execute       source C:/FPGA/Cnn_Hls/solution1/.autopilot/db/cnn_top.tbgen.tcl 
Execute       source C:/FPGA/Cnn_Hls/solution1/.autopilot/db/global.setting.tcl 
Execute       source C:/FPGA/Cnn_Hls/solution1/.autopilot/db/global.setting.tcl 
Execute       source C:/FPGA/Cnn_Hls/solution1/.autopilot/db/global.setting.tcl 
Execute       source C:/FPGA/Cnn_Hls/solution1/.autopilot/db/cnn_top.tbgen.tcl 
Execute       source C:/FPGA/Cnn_Hls/solution1/.autopilot/db/global.setting.tcl 
Execute       source C:/FPGA/Cnn_Hls/solution1/.autopilot/db/cnn_top.constraint.tcl 
Execute       sc_get_clocks cnn_top 
Execute       source C:/FPGA/Cnn_Hls/solution1/.autopilot/db/global.setting.tcl 
Execute       get_config_sdx -target 
Execute       get_config_sdx -profile 
Execute       ::config_rtl 
INFO: [HLS 200-111] Finished generating all RTL models Time (s): cpu = 00:00:03 ; elapsed = 00:00:12 . Memory (MB): peak = 148.141 ; gain = 92.191
INFO: [SYSC 207-301] Generating SystemC RTL for cnn_top.
INFO: [VHDL 208-304] Generating VHDL RTL for cnn_top.
INFO: [VLOG 209-307] Generating Verilog RTL for cnn_top.
Command     autosyn done; 2.244 sec.
Command   csynth_design done; 11.48 sec.
Command ap_source done; 11.746 sec.
Execute cleanup_all 
INFO-FLOW: Workspace C:/FPGA/Cnn_Hls/solution1 opened at Fri Jan 09 14:45:59 +0530 2026
Execute     config_clock -quiet -name default -period 10 -default=false 
INFO: [SYN 201-201] Setting up clock 'default' with a period of 10ns.
Execute     open_platform DefaultPlatform 
Execute     import_lib E:/Vivado/2018.2/common/technology/xilinx/zynq/zynq 
Execute       source E:/Vivado/2018.2/common/technology/xilinx/common/xilinx.lib 
Execute         source E:/Vivado/2018.2/common/technology/xilinx/interface/xilinx_interface.lib 
Execute           source E:/Vivado/2018.2/common/technology/xilinx/interface/plb46.lib 
Execute           source E:/Vivado/2018.2/common/technology/xilinx/interface/fsl.lib 
Execute           source E:/Vivado/2018.2/common/technology/xilinx/interface/axi4.lib 
Execute           source E:/Vivado/2018.2/common/technology/xilinx/interface/maxi.lib 
Execute           source E:/Vivado/2018.2/common/technology/xilinx/interface/saxilite.lib 
Execute         source E:/Vivado/2018.2/common/technology/xilinx/common/dsp48.lib 
Execute         source E:/Vivado/2018.2/common/technology/xilinx/ip/dds_compiler.lib 
Execute         source E:/Vivado/2018.2/common/technology/xilinx/ip/xfft.lib 
Execute         source E:/Vivado/2018.2/common/technology/xilinx/ip/xfir.lib 
Execute       source E:/Vivado/2018.2/common/technology/xilinx/common/xilinx_old.lib 
Execute       source E:/Vivado/2018.2/common/technology/xilinx/common/xilinx_vivado.lib 
Execute       source E:/Vivado/2018.2/common/technology/xilinx/common/xilinx.hlp 
Execute         source E:/Vivado/2018.2/common/technology/xilinx/common/target_info.tcl 
Execute         source E:/Vivado/2018.2/common/technology/xilinx/interface/xilinx_interface.hlp 
Execute           source E:/Vivado/2018.2/common/technology/xilinx/interface/maxi.hlp 
Execute           source E:/Vivado/2018.2/common/technology/xilinx/interface/saxilite.hlp 
Execute         source E:/Vivado/2018.2/common/technology/xilinx/common/dsp48.hlp 
Execute       source E:/Vivado/2018.2/common/technology/xilinx/zynq/dsp48e1.hlp 
Execute       get_default_platform 
Execute       config_chip_info -quiet -resource  {SLICE 13300}  {LUT 53200}     {FF 106400} {DSP48E 220}   {BRAM 280}  
Execute       config_chip_info -quiet -speed medium 
Execute       source E:/Vivado/2018.2/common/technology/xilinx/common/xilinx.hlp 
Execute         source E:/Vivado/2018.2/common/technology/xilinx/common/target_info.tcl 
Execute         source E:/Vivado/2018.2/common/technology/xilinx/interface/xilinx_interface.hlp 
Execute           source E:/Vivado/2018.2/common/technology/xilinx/interface/maxi.hlp 
Execute           source E:/Vivado/2018.2/common/technology/xilinx/interface/saxilite.hlp 
Execute         source E:/Vivado/2018.2/common/technology/xilinx/common/dsp48.hlp 
Execute     source E:/Vivado/2018.2/common/technology/xilinx/zynq/zynq.gen 
Execute       source E:/Vivado/2018.2/common/technology/xilinx/common/virtex.gen 
Execute         source E:/Vivado/2018.2/common/technology/xilinx/common/xilinx.gen 
Execute           source E:/Vivado/2018.2/common/technology/xilinx/interface/plb46.gen 
Execute           source E:/Vivado/2018.2/common/technology/xilinx/interface/fsl.gen 
Execute           source E:/Vivado/2018.2/common/technology/xilinx/interface/axi4.gen 
Execute           source E:/Vivado/2018.2/common/technology/xilinx/interface/nativeAXI4.gen 
Execute             source E:/Vivado/2018.2/common/technology/xilinx/interface/saxilite.gen 
Execute             source E:/Vivado/2018.2/common/technology/xilinx/interface/maxi.gen 
Execute           source E:/Vivado/2018.2/common/technology/xilinx/scripts/xilinxcoregen.gen 
Execute           source E:/Vivado/2018.2/common/technology/xilinx/interface/XilEDKCoreGen.gen 
Execute           source E:/Vivado/2018.2/common/technology/xilinx/ip/dds_compiler.gen 
Execute           source E:/Vivado/2018.2/common/technology/xilinx/ip/util.gen 
Execute           source E:/Vivado/2018.2/common/technology/xilinx/ip/xfft.gen 
Execute           source E:/Vivado/2018.2/common/technology/xilinx/ip/xfir.gen 
Command         ap_source done; 0.11 sec.
Execute         source E:/Vivado/2018.2/common/technology/xilinx/common/dsp48.gen 
Command       ap_source done; 0.113 sec.
Command     ap_source done; 0.113 sec.
Execute     open_platform DefaultPlatform 
Execute     import_lib E:/Vivado/2018.2/common/technology/xilinx/zynq/zynq_fpv6 
Execute       source E:/Vivado/2018.2/common/technology/xilinx/common/xilinx_fpv7.lib 
Execute         source E:/Vivado/2018.2/common/technology/xilinx/common/xilinx_hp.lib 
Execute       source E:/Vivado/2018.2/common/technology/xilinx/common/xilinx_fpv.hlp 
Execute         source E:/Vivado/2018.2/common/technology/xilinx/common/xilinx.hlp 
Execute           source E:/Vivado/2018.2/common/technology/xilinx/common/target_info.tcl 
Execute           source E:/Vivado/2018.2/common/technology/xilinx/interface/xilinx_interface.hlp 
Execute             source E:/Vivado/2018.2/common/technology/xilinx/interface/maxi.hlp 
Execute             source E:/Vivado/2018.2/common/technology/xilinx/interface/saxilite.hlp 
Execute           source E:/Vivado/2018.2/common/technology/xilinx/common/dsp48.hlp 
Execute       source E:/Vivado/2018.2/common/technology/xilinx/zynq/zynq_hp.hlp 
Execute     source E:/Vivado/2018.2/common/technology/xilinx/zynq/zynq_fpv6.gen 
Execute       source E:/Vivado/2018.2/common/technology/xilinx/common/xilinx_fpv6.gen 
Execute     set_part xc7z020clg484-1 
Execute       add_library xilinx/zynq/zynq:xc7z020:clg484:-1 
Execute         get_default_platform 
Execute         license_isbetapart xc7z020 
Command         license_isbetapart done; error code: 1; 
Execute         get_default_platform 
Execute         config_chip_info -quiet -resource  {SLICE 13300}  {LUT 53200}     {FF 106400} {DSP48E 220}   {BRAM 280}  
Execute         config_chip_info -quiet -speed slow 
Execute       add_library xilinx/zynq/zynq_fpv6 
Execute         get_default_platform 
INFO: [HLS 200-10] Setting target device to 'xc7z020clg484-1'
Execute       get_default_platform 
Execute     get_default_platform 
Execute     config_chip_info -quiet -resource  {SLICE 13300}  {LUT 53200}     {FF 106400} {DSP48E 220}   {BRAM 280}  
Execute     config_chip_info -quiet -speed slow 
Command   open_solution done; 0.2 sec.
Execute   export_design -rtl verilog -format ip_catalog -description CNN Accelerator IP -vendor Sanjay -display_name cnn_top 
Execute     source C:/FPGA/Cnn_Hls/solution1/.autopilot/db/global.setting.tcl 
Execute     source E:/Vivado/2018.2/common/technology/generic/autopilot/common.gen 
Execute       source E:/Vivado/2018.2/common/technology/generic/autopilot/APCoreGen.gen 
Execute     source E:/Vivado/2018.2/common/technology/generic/autopilot/op.gen 
Execute     source E:/Vivado/2018.2/common/technology/generic/autopilot/op_simcore.gen 
Execute     source E:/Vivado/2018.2/common/technology/generic/autopilot/interface.gen 
Execute     source C:/FPGA/Cnn_Hls/solution1/.autopilot/db/global.setting.tcl 
Execute     source E:/Vivado/2018.2/common/technology/xilinx/zynq/zynq.gen 
Execute       source E:/Vivado/2018.2/common/technology/xilinx/common/virtex.gen 
Execute         source E:/Vivado/2018.2/common/technology/xilinx/common/xilinx.gen 
Execute           source E:/Vivado/2018.2/common/technology/xilinx/interface/plb46.gen 
Execute           source E:/Vivado/2018.2/common/technology/xilinx/interface/fsl.gen 
Execute           source E:/Vivado/2018.2/common/technology/xilinx/interface/axi4.gen 
Execute           source E:/Vivado/2018.2/common/technology/xilinx/interface/nativeAXI4.gen 
Execute             source E:/Vivado/2018.2/common/technology/xilinx/interface/saxilite.gen 
Execute             source E:/Vivado/2018.2/common/technology/xilinx/interface/maxi.gen 
Execute           source E:/Vivado/2018.2/common/technology/xilinx/scripts/xilinxcoregen.gen 
Execute           source E:/Vivado/2018.2/common/technology/xilinx/interface/XilEDKCoreGen.gen 
Execute           source E:/Vivado/2018.2/common/technology/xilinx/ip/dds_compiler.gen 
Execute           source E:/Vivado/2018.2/common/technology/xilinx/ip/util.gen 
Execute           source E:/Vivado/2018.2/common/technology/xilinx/ip/xfft.gen 
Execute           source E:/Vivado/2018.2/common/technology/xilinx/ip/xfir.gen 
Command         ap_source done; 0.101 sec.
Execute         source E:/Vivado/2018.2/common/technology/xilinx/common/dsp48.gen 
Command       ap_source done; 0.105 sec.
Command     ap_source done; 0.105 sec.
Execute     source E:/Vivado/2018.2/common/technology/xilinx/zynq/zynq_fpv6.gen 
Execute       source E:/Vivado/2018.2/common/technology/xilinx/common/xilinx_fpv6.gen 
Execute     source C:/FPGA/Cnn_Hls/solution1/.autopilot/db/global.setting.tcl 
INFO: [IMPL 213-8] Exporting RTL as a Vivado IP.
Execute     source C:/FPGA/Cnn_Hls/solution1/.autopilot/db/global.setting.tcl 
Execute     get_config_sdx -target 
Execute     source C:/FPGA/Cnn_Hls/solution1/.autopilot/db/global.setting.tcl 
Execute     source E:/Vivado/2018.2/common/technology/generic/autopilot/common.gen 
Execute       source E:/Vivado/2018.2/common/technology/generic/autopilot/APCoreGen.gen 
Execute     source E:/Vivado/2018.2/common/technology/generic/autopilot/op.gen 
Execute     source E:/Vivado/2018.2/common/technology/generic/autopilot/op_simcore.gen 
Execute     source E:/Vivado/2018.2/common/technology/generic/autopilot/interface.gen 
Execute     source C:/FPGA/Cnn_Hls/solution1/.autopilot/db/global.setting.tcl 
Execute     source E:/Vivado/2018.2/common/technology/xilinx/zynq/zynq.gen 
Execute       source E:/Vivado/2018.2/common/technology/xilinx/common/virtex.gen 
Execute         source E:/Vivado/2018.2/common/technology/xilinx/common/xilinx.gen 
Execute           source E:/Vivado/2018.2/common/technology/xilinx/interface/plb46.gen 
Execute           source E:/Vivado/2018.2/common/technology/xilinx/interface/fsl.gen 
Execute           source E:/Vivado/2018.2/common/technology/xilinx/interface/axi4.gen 
Execute           source E:/Vivado/2018.2/common/technology/xilinx/interface/nativeAXI4.gen 
Execute             source E:/Vivado/2018.2/common/technology/xilinx/interface/saxilite.gen 
Execute             source E:/Vivado/2018.2/common/technology/xilinx/interface/maxi.gen 
Execute           source E:/Vivado/2018.2/common/technology/xilinx/scripts/xilinxcoregen.gen 
Execute           source E:/Vivado/2018.2/common/technology/xilinx/interface/XilEDKCoreGen.gen 
Execute           source E:/Vivado/2018.2/common/technology/xilinx/ip/dds_compiler.gen 
Execute           source E:/Vivado/2018.2/common/technology/xilinx/ip/util.gen 
Execute           source E:/Vivado/2018.2/common/technology/xilinx/ip/xfft.gen 
Execute           source E:/Vivado/2018.2/common/technology/xilinx/ip/xfir.gen 
Execute         source E:/Vivado/2018.2/common/technology/xilinx/common/dsp48.gen 
Execute     source E:/Vivado/2018.2/common/technology/xilinx/zynq/zynq_fpv6.gen 
Execute       source E:/Vivado/2018.2/common/technology/xilinx/common/xilinx_fpv6.gen 
Execute     source C:/FPGA/Cnn_Hls/solution1/.autopilot/db/cnn_top.rtl_wrap.cfg.tcl 
Execute     source C:/FPGA/Cnn_Hls/solution1/.autopilot/db/cnn_top.rtl_wrap.cfg.tcl 
Execute     source C:/FPGA/Cnn_Hls/solution1/.autopilot/db/cnn_top.rtl_wrap.cfg.tcl 
Execute     source C:/FPGA/Cnn_Hls/solution1/.autopilot/db/cnn_top.tbgen.tcl 
Execute     source C:/FPGA/Cnn_Hls/solution1/.autopilot/db/cnn_top.tbgen.tcl 
Execute     source C:/FPGA/Cnn_Hls/solution1/.autopilot/db/global.setting.tcl 
Execute     source C:/FPGA/Cnn_Hls/solution1/.autopilot/db/cnn_top.compgen.tcl 
Execute     source C:/FPGA/Cnn_Hls/solution1/.autopilot/db/global.setting.tcl 
Execute     source C:/FPGA/Cnn_Hls/solution1/.autopilot/db/cnn_top.compgen.tcl 
Execute     source C:/FPGA/Cnn_Hls/solution1/.autopilot/db/global.setting.tcl 
Execute     source C:/FPGA/Cnn_Hls/solution1/.autopilot/db/cnn_top.compgen.tcl 
Execute     source C:/FPGA/Cnn_Hls/solution1/.autopilot/db/global.setting.tcl 
Execute     source C:/FPGA/Cnn_Hls/solution1/.autopilot/db/cnn_top.constraint.tcl 
Execute     source C:/FPGA/Cnn_Hls/solution1/.autopilot/db/cnn_top.tbgen.tcl 
Execute     source C:/FPGA/Cnn_Hls/solution1/.autopilot/db/global.setting.tcl 
Execute     source C:/FPGA/Cnn_Hls/solution1/.autopilot/db/global.setting.tcl 
Execute     source C:/FPGA/Cnn_Hls/solution1/.autopilot/db/global.setting.tcl 
Execute     source C:/FPGA/Cnn_Hls/solution1/.autopilot/db/cnn_top.tbgen.tcl 
Execute     source C:/FPGA/Cnn_Hls/solution1/.autopilot/db/global.setting.tcl 
Execute     source C:/FPGA/Cnn_Hls/solution1/.autopilot/db/cnn_top.constraint.tcl 
Execute     sc_get_clocks cnn_top 
Execute     source C:/FPGA/Cnn_Hls/solution1/.autopilot/db/global.setting.tcl 
Execute     get_config_sdx -target 
Execute     get_config_sdx -profile 
Execute     ::config_rtl 
Execute     source C:/FPGA/Cnn_Hls/solution1/.autopilot/db/cnn_top.tbgen.tcl 
Execute     source C:/FPGA/Cnn_Hls/solution1/.autopilot/db/global.setting.tcl 
Execute     source C:/FPGA/Cnn_Hls/solution1/.autopilot/db/global.setting.tcl 
Execute     source C:/FPGA/Cnn_Hls/solution1/.autopilot/db/cnn_top.rtl_wrap.cfg.tcl 
Execute     source C:/FPGA/Cnn_Hls/solution1/.autopilot/db/cnn_top.rtl_wrap.cfg.tcl 
Execute     source C:/FPGA/Cnn_Hls/solution1/.autopilot/db/cnn_top.rtl_wrap.cfg.tcl 
Execute     source C:/FPGA/Cnn_Hls/solution1/.autopilot/db/cnn_top.tbgen.tcl 
Execute     source C:/FPGA/Cnn_Hls/solution1/.autopilot/db/cnn_top.tbgen.tcl 
Execute     source C:/FPGA/Cnn_Hls/solution1/.autopilot/db/cnn_top.tbgen.tcl 
Execute     source C:/FPGA/Cnn_Hls/solution1/.autopilot/db/cnn_top.rtl_wrap.cfg.tcl 
Execute     source C:/FPGA/Cnn_Hls/solution1/.autopilot/db/cnn_top.rtl_wrap.cfg.tcl 
Execute     source C:/FPGA/Cnn_Hls/solution1/.autopilot/db/cnn_top.rtl_wrap.cfg.tcl 
Execute     source C:/FPGA/Cnn_Hls/solution1/.autopilot/db/cnn_top.tbgen.tcl 
Execute     source C:/FPGA/Cnn_Hls/solution1/.autopilot/db/cnn_top.tbgen.tcl 
Execute     source C:/FPGA/Cnn_Hls/solution1/.autopilot/db/global.setting.tcl 
Execute     source C:/FPGA/Cnn_Hls/solution1/.autopilot/db/cnn_top.tbgen.tcl 
Execute     source C:/FPGA/Cnn_Hls/solution1/.autopilot/db/global.setting.tcl 
Execute     source C:/FPGA/Cnn_Hls/solution1/.autopilot/db/cnn_top.constraint.tcl 
Execute     source C:/FPGA/Cnn_Hls/solution1/.autopilot/db/global.setting.tcl 
Execute     source C:/FPGA/Cnn_Hls/solution1/.autopilot/db/global.setting.tcl 
Execute     source C:/FPGA/Cnn_Hls/solution1/.autopilot/db/cnn_top.constraint.tcl 
Execute     source C:/FPGA/Cnn_Hls/solution1/.autopilot/db/cnn_top.tbgen.tcl 
Execute     source C:/FPGA/Cnn_Hls/solution1/.autopilot/db/global.setting.tcl 
Execute     source C:/FPGA/Cnn_Hls/solution1/.autopilot/db/cnn_top.constraint.tcl 
Execute     source C:/FPGA/Cnn_Hls/solution1/.autopilot/db/cnn_top.tbgen.tcl 
Execute     source C:/FPGA/Cnn_Hls/solution1/.autopilot/db/global.setting.tcl 
Execute     source E:/Vivado/2018.2/common/technology/generic/autopilot/common.gen 
Execute       source E:/Vivado/2018.2/common/technology/generic/autopilot/APCoreGen.gen 
Execute     source E:/Vivado/2018.2/common/technology/generic/autopilot/op.gen 
Execute     source E:/Vivado/2018.2/common/technology/generic/autopilot/op_simcore.gen 
Execute     source E:/Vivado/2018.2/common/technology/generic/autopilot/interface.gen 
Execute     source C:/FPGA/Cnn_Hls/solution1/.autopilot/db/global.setting.tcl 
Execute     source E:/Vivado/2018.2/common/technology/xilinx/zynq/zynq.gen 
Execute       source E:/Vivado/2018.2/common/technology/xilinx/common/virtex.gen 
Execute         source E:/Vivado/2018.2/common/technology/xilinx/common/xilinx.gen 
Execute           source E:/Vivado/2018.2/common/technology/xilinx/interface/plb46.gen 
Execute           source E:/Vivado/2018.2/common/technology/xilinx/interface/fsl.gen 
Execute           source E:/Vivado/2018.2/common/technology/xilinx/interface/axi4.gen 
Execute           source E:/Vivado/2018.2/common/technology/xilinx/interface/nativeAXI4.gen 
Execute             source E:/Vivado/2018.2/common/technology/xilinx/interface/saxilite.gen 
Execute             source E:/Vivado/2018.2/common/technology/xilinx/interface/maxi.gen 
Execute           source E:/Vivado/2018.2/common/technology/xilinx/scripts/xilinxcoregen.gen 
Execute           source E:/Vivado/2018.2/common/technology/xilinx/interface/XilEDKCoreGen.gen 
Execute           source E:/Vivado/2018.2/common/technology/xilinx/ip/dds_compiler.gen 
Execute           source E:/Vivado/2018.2/common/technology/xilinx/ip/util.gen 
Execute           source E:/Vivado/2018.2/common/technology/xilinx/ip/xfft.gen 
Execute           source E:/Vivado/2018.2/common/technology/xilinx/ip/xfir.gen 
Execute         source E:/Vivado/2018.2/common/technology/xilinx/common/dsp48.gen 
Command       ap_source done; 0.101 sec.
Command     ap_source done; 0.101 sec.
Execute     source E:/Vivado/2018.2/common/technology/xilinx/zynq/zynq_fpv6.gen 
Execute       source E:/Vivado/2018.2/common/technology/xilinx/common/xilinx_fpv6.gen 
ERROR: [IMPL 213-28] Failed to generate IP.
Command   export_design done; error code: 2; 5.807 sec.
Command ap_source done; error code: 1; 6.011 sec.
Execute cleanup_all 
